log started: Mon Sep 28 14:48:23 2020

Log file: ./leap.log
>> #
>> # ----- leaprc for loading the ff14SBonlysc (ff14SB only side chain) force field
>> # ----- NOTE: this is designed for PDB format 3!
>> #    Uses frcmod.ff14SB + frcmod.ff99SB14 for proteins
>> #       = ff99SB backbone + ff14SB side chains;
>> #
>> #	load atom type hybridizations
>> #
>> addAtomTypes {
>> 	{ "H"   "H" "sp3" }
>> 	{ "HO"  "H" "sp3" }
>> 	{ "HS"  "H" "sp3" }
>> 	{ "H1"  "H" "sp3" }
>> 	{ "H2"  "H" "sp3" }
>> 	{ "H3"  "H" "sp3" }
>> 	{ "H4"  "H" "sp3" }
>> 	{ "H5"  "H" "sp3" }
>> 	{ "HW"  "H" "sp3" }
>> 	{ "HC"  "H" "sp3" }
>> 	{ "HA"  "H" "sp3" }
>> 	{ "HP"  "H" "sp3" }
>> 	{ "HZ"  "H" "sp3" }
>> 	{ "OH"  "O" "sp3" }
>> 	{ "OS"  "O" "sp3" }
>> 	{ "O"   "O" "sp2" }
>> 	{ "O2"  "O" "sp2" }
>> 	{ "OP"  "O" "sp2" }
>> 	{ "OW"  "O" "sp3" }
>> 	{ "CT"  "C" "sp3" }
>> 	{ "CX"  "C" "sp3" }
>> 	{ "C8"  "C" "sp3" }
>> 	{ "2C"  "C" "sp3" }
>> 	{ "3C"  "C" "sp3" }
>> 	{ "CH"  "C" "sp3" }
>> 	{ "CS"  "C" "sp2" }
>> 	{ "C"   "C" "sp2" }
>> 	{ "CO"   "C" "sp2" }
>> 	{ "C*"  "C" "sp2" }
>> 	{ "CA"  "C" "sp2" }
>> 	{ "CB"  "C" "sp2" }
>> 	{ "CC"  "C" "sp2" }
>> 	{ "CN"  "C" "sp2" }
>> 	{ "CM"  "C" "sp2" }
>> 	{ "CK"  "C" "sp2" }
>> 	{ "CQ"  "C" "sp2" }
>> 	{ "CD"  "C" "sp2" }
>> 	{ "C5"  "C" "sp2" }
>> 	{ "C4"  "C" "sp2" }
>> 	{ "CP"  "C" "sp2" }
>> 	{ "CI"  "C" "sp3" }
>> 	{ "CJ"  "C" "sp2" }
>> 	{ "CW"  "C" "sp2" }
>> 	{ "CV"  "C" "sp2" }
>> 	{ "CR"  "C" "sp2" }
>> 	{ "CA"  "C" "sp2" }
>> 	{ "CY"  "C" "sp2" }
>> 	{ "C0"  "Ca" "sp3" }
>> 	{ "MG"  "Mg" "sp3" }
>> 	{ "N"   "N" "sp2" }
>> 	{ "NA"  "N" "sp2" }
>> 	{ "N2"  "N" "sp2" }
>> 	{ "N*"  "N" "sp2" }
>> 	{ "NP"  "N" "sp2" }
>> 	{ "NQ"  "N" "sp2" }
>> 	{ "NB"  "N" "sp2" }
>> 	{ "NC"  "N" "sp2" }
>> 	{ "NT"  "N" "sp3" }
>> 	{ "NY"  "N" "sp2" }
>> 	{ "N3"  "N" "sp3" }
>> 	{ "S"   "S" "sp3" }
>> 	{ "SH"  "S" "sp3" }
>> 	{ "P"   "P" "sp3" }
>> 	{ "LP"  ""  "sp3" }
>> 	{ "EP"  ""  "sp3" }
>> 	{ "F"   "F" "sp3" }
>> 	{ "Cl"  "Cl" "sp3" }
>> 	{ "Br"  "Br" "sp3" }
>> 	{ "I"   "I"  "sp3" }
>> }
>> #
>> #	Load the main parameter set.
>> #
>> parm10 = loadamberparams parm10.dat
Loading parameters: /home/alberto.perezant/Source/amber/dat/leap/parm/parm10.dat
Reading title:
PARM99 + frcmod.ff99SB + frcmod.parmbsc0 + OL3 for RNA
(UNKNOWN ATOM TYPE: Zn)
(UNKNOWN ATOM TYPE: EP)
>> frcmod14SB = loadamberparams frcmod.ff14SB
Loading parameters: /home/alberto.perezant/Source/amber/dat/leap/parm/frcmod.ff14SB
Reading force field modification type file (frcmod)
Reading title:
ff14SB protein backbone and sidechain parameters
>> frcmod99SBbb = loadamberparams frcmod.ff99SB14
Loading parameters: /home/alberto.perezant/Source/amber/dat/leap/parm/frcmod.ff99SB14
Reading force field modification type file (frcmod)
Reading title:
ff99SB backbone parameters (Hornak & Simmerling) with ff14SB atom types
>> #
>> #	Load main chain and terminating amino acid libraries, nucleic acids
>> #
>> loadOff amino12.lib
Loading library: /home/alberto.perezant/Source/amber/dat/leap/lib/amino12.lib
Loading: ALA
Loading: ARG
Loading: ASH
Loading: ASN
Loading: ASP
Loading: CYM
Loading: CYS
Loading: CYX
Loading: GLH
Loading: GLN
Loading: GLU
Loading: GLY
Loading: HID
Loading: HIE
Loading: HIP
Loading: HYP
Loading: ILE
Loading: LEU
Loading: LYN
Loading: LYS
Loading: MET
Loading: PHE
Loading: PRO
Loading: SER
Loading: THR
Loading: TRP
Loading: TYR
Loading: VAL
>> loadOff aminoct12.lib
Loading library: /home/alberto.perezant/Source/amber/dat/leap/lib/aminoct12.lib
Loading: CALA
Loading: CARG
Loading: CASN
Loading: CASP
Loading: CCYS
Loading: CCYX
Loading: CGLN
Loading: CGLU
Loading: CGLY
Loading: CHID
Loading: CHIE
Loading: CHIP
Loading: CHYP
Loading: CILE
Loading: CLEU
Loading: CLYS
Loading: CMET
Loading: CPHE
Loading: CPRO
Loading: CSER
Loading: CTHR
Loading: CTRP
Loading: CTYR
Loading: CVAL
Loading: NHE
Loading: NME
>> loadOff aminont12.lib
Loading library: /home/alberto.perezant/Source/amber/dat/leap/lib/aminont12.lib
Loading: ACE
Loading: NALA
Loading: NARG
Loading: NASN
Loading: NASP
Loading: NCYS
Loading: NCYX
Loading: NGLN
Loading: NGLU
Loading: NGLY
Loading: NHID
Loading: NHIE
Loading: NHIP
Loading: NILE
Loading: NLEU
Loading: NLYS
Loading: NMET
Loading: NPHE
Loading: NPRO
Loading: NSER
Loading: NTHR
Loading: NTRP
Loading: NTYR
Loading: NVAL
>> 
>> #
>> #	Define the PDB name map for the amino acids and nucleic acids
>> #
>> addPdbResMap {
>>   { 0 "HYP" "NHYP" } { 1 "HYP" "CHYP" }
>>   { 0 "ALA" "NALA" } { 1 "ALA" "CALA" }
>>   { 0 "ARG" "NARG" } { 1 "ARG" "CARG" }
>>   { 0 "ASN" "NASN" } { 1 "ASN" "CASN" }
>>   { 0 "ASP" "NASP" } { 1 "ASP" "CASP" }
>>   { 0 "CYS" "NCYS" } { 1 "CYS" "CCYS" }
>>   { 0 "CYX" "NCYX" } { 1 "CYX" "CCYX" }
>>   { 0 "GLN" "NGLN" } { 1 "GLN" "CGLN" }
>>   { 0 "GLU" "NGLU" } { 1 "GLU" "CGLU" }
>>   { 0 "GLY" "NGLY" } { 1 "GLY" "CGLY" }
>>   { 0 "HID" "NHID" } { 1 "HID" "CHID" }
>>   { 0 "HIE" "NHIE" } { 1 "HIE" "CHIE" }
>>   { 0 "HIP" "NHIP" } { 1 "HIP" "CHIP" }
>>   { 0 "ILE" "NILE" } { 1 "ILE" "CILE" }
>>   { 0 "LEU" "NLEU" } { 1 "LEU" "CLEU" }
>>   { 0 "LYS" "NLYS" } { 1 "LYS" "CLYS" }
>>   { 0 "MET" "NMET" } { 1 "MET" "CMET" }
>>   { 0 "PHE" "NPHE" } { 1 "PHE" "CPHE" }
>>   { 0 "PRO" "NPRO" } { 1 "PRO" "CPRO" }
>>   { 0 "SER" "NSER" } { 1 "SER" "CSER" }
>>   { 0 "THR" "NTHR" } { 1 "THR" "CTHR" }
>>   { 0 "TRP" "NTRP" } { 1 "TRP" "CTRP" }
>>   { 0 "TYR" "NTYR" } { 1 "TYR" "CTYR" }
>>   { 0 "VAL" "NVAL" } { 1 "VAL" "CVAL" }
>>   { 0 "HIS" "NHIS" } { 1 "HIS" "CHIS" }
>> }
>> 
>> #
>> # assume that most often proteins use HIE
>> #
>> NHIS = NHIE
>> HIS = HIE
>> CHIS = CHIE
>> 
>> 
>> # ----- NOTE: this is designed for PDB format 3!
>> #   Uses ff99bsc0+bsc1 for DNA
>> #               (ff99): Wang et al. J. Comp. Chem. 21: 1049, 2000
>> #               (bsc0): Perez et al. Biophys J. 92: 3817, 2007
>> #               (bsc1): Ivani et al. Nature Methods 13: 55, 2016
>> #   load atom type hybridizations
>> #
>> addAtomTypes {
>>     { "H"   "H" "sp3" }
>>     { "HO"  "H" "sp3" }
>>     { "HS"  "H" "sp3" }
>>     { "H1"  "H" "sp3" }
>>     { "H2"  "H" "sp3" }
>>     { "H3"  "H" "sp3" }
>>     { "H4"  "H" "sp3" }
>>     { "H5"  "H" "sp3" }
>>     { "HW"  "H" "sp3" }
>>     { "HC"  "H" "sp3" }
>>     { "HA"  "H" "sp3" }
>>     { "HP"  "H" "sp3" }
>>     { "HZ"  "H" "sp3" }
>>     { "OH"  "O" "sp3" }
>>     { "OS"  "O" "sp3" }
>>     { "O"   "O" "sp2" }
>>     { "O2"  "O" "sp2" }
>>     { "OP"  "O" "sp2" }
>>     { "OW"  "O" "sp3" }
>>     { "CT"  "C" "sp3" }
>>     { "CX"  "C" "sp3" }
>>     { "C8"  "C" "sp3" }
>>     { "2C"  "C" "sp3" }
>>     { "3C"  "C" "sp3" }
>>     { "CH"  "C" "sp3" }
>>     { "CS"  "C" "sp2" }
>>     { "C"   "C" "sp2" }
>>     { "CO"  "C" "sp2" }
>>     { "C*"  "C" "sp2" }
>>     { "CA"  "C" "sp2" }
>>     { "CB"  "C" "sp2" }
>>     { "CC"  "C" "sp2" }
>>     { "CN"  "C" "sp2" }
>>     { "CM"  "C" "sp2" }
>>     { "CK"  "C" "sp2" }
>>     { "CQ"  "C" "sp2" }
>>     { "CD"  "C" "sp2" }
>>     { "C5"  "C" "sp2" }
>>     { "C4"  "C" "sp2" }
>>     { "CP"  "C" "sp2" }
>>     { "CI"  "C" "sp3" }
>>     { "CJ"  "C" "sp2" }
>>     { "CW"  "C" "sp2" }
>>     { "CV"  "C" "sp2" }
>>     { "CR"  "C" "sp2" }
>>     { "CA"  "C" "sp2" }
>>     { "CY"  "C" "sp2" }
>>     { "C0"  "Ca" "sp3" }
>>     { "MG"  "Mg" "sp3" }
>>     { "N"   "N" "sp2" }
>>     { "NA"  "N" "sp2" }
>>     { "N2"  "N" "sp2" }
>>     { "N*"  "N" "sp2" }
>>     { "NP"  "N" "sp2" }
>>     { "NQ"  "N" "sp2" }
>>     { "NB"  "N" "sp2" }
>>     { "NC"  "N" "sp2" }
>>     { "NT"  "N" "sp3" }
>>     { "NY"  "N" "sp2" }
>>     { "N3"  "N" "sp3" }
>>     { "S"   "S" "sp3" }
>>     { "SH"  "S" "sp3" }
>>     { "P"   "P" "sp3" }
>>     { "LP"  ""  "sp3" }
>>     { "EP"  ""  "sp3" }
>>     { "F"   "F" "sp3" }
>>     { "Cl"  "Cl" "sp3" }
>>     { "Br"  "Br" "sp3" }
>>     { "I"   "I"  "sp3" }
>>     { "F-"   "F" "sp3" }
>>     { "Cl-"  "Cl" "sp3" }
>>     { "Br-"  "Br" "sp3" }
>>     { "I-"   "I"  "sp3" }
>>     { "Li+"  "Li"  "sp3" }
>>     { "Na+"  "Na"  "sp3" }
>>     { "K+"  "K"  "sp3" }
>>     { "Rb+"  "Rb"  "sp3" }
>>     { "Cs+"  "Cs"  "sp3" }
>>     { "Mg+"  "Mg"  "sp3" }
>> }
>> #
>> #   Load nucleic acids
>> #
>> #parm10 = loadamberparams parm10.dat
>> 
>> addPdbResMap {
>>   { 0 "DG" "DG5"  } { 1 "DG" "DG3"  }  
>>   { 0 "DA" "DA5"  } { 1 "DA" "DA3"  }  
>>   { 0 "DC" "DC5"  } { 1 "DC" "DC3"  }  
>>   { 0 "DT" "DT5"  } { 1 "DT" "DT3"  }  
>> #  some really old Amber residue names, assuming DNA:
>>   { 0 "GUA" "DG5"  } { 1 "GUA" "DG3"  } { "GUA" "DG" }
>>   { 0 "ADE" "DA5"  } { 1 "ADE" "DA3"  } { "ADE" "DA" }
>>   { 0 "CYT" "DC5"  } { 1 "CYT" "DC3"  } { "CYT" "DC" }
>>   { 0 "THY" "DT5"  } { 1 "THY" "DT3"  } { "THY" "DT" }
>> 
>> }
>> 
>> #  try to be good about reading in really old atom names as well:
>> addPdbAtomMap {
>>   { "O5*" "O5'" }
>>   { "C5*" "C5'" }
>>   { "C4*" "C4'" }
>>   { "O4*" "O4'" }
>>   { "C3*" "C3'" }
>>   { "O3*" "O3'" }
>>   { "C2*" "C2'" }
>>   { "O2*" "O2'" }
>>   { "C1*" "C1'" }
>>   { "C5M" "C7"  }
>>   { "H1*" "H1'" }
>>   { "H2*1" "H2'" }
>>   { "'H2'" "H2''" }
>>   { "H2*2" "H2''" }
>>   { "H2'1" "H2'" }
>>   { "H2'2" "H2''" }
>>   { "H3*" "H3'" }
>>   { "H4*" "H4'" }
>>   { "H5*1" "H5'" }
>>   { "H5*2" "H5''" }
>>   { "H5'1" "H5'" }
>>   { "H5'2" "H5''" }
>>   { "'H5'" "H5''" }
>>   { "HO'2" "HO2'" }
>>   { "H5T"  "HO5'" }
>>   { "H3T"  "HO3'" }
>>   { "O1'" "O4'" }
>>   { "OA"  "OP1" }
>>   { "OB"  "OP2" }
>>   { "O1P" "OP1" }
>>   { "O2P" "OP2" }
>> }
>> 
>> #
>> # Load parameters for BSC1
>> #
>> addAtomTypes {
>>   { "C1" "C" "sp2" }
>>   { "C2" "C" "sp2" }
>>   { "CI" "C" "sp3" }
>>   { "CE" "C" "sp3" }
>>  }
>> 
>> loadoff parmBSC1.lib
Loading library: /home/alberto.perezant/Source/amber/dat/leap/lib/parmBSC1.lib
Loading: DA
Loading: DA3
Loading: DA5
Loading: DAN
Loading: DC
Loading: DC3
Loading: DC5
Loading: DCN
Loading: DG
Loading: DG3
Loading: DG5
Loading: DGN
Loading: DT
Loading: DT3
Loading: DT5
Loading: DTN
>> loadamberparams frcmod.parmbsc1
Loading parameters: /home/alberto.perezant/Source/amber/dat/leap/parm/frcmod.parmbsc1
Reading force field modification type file (frcmod)
Reading title:
Parmbsc1 force-field for DNA
>> 
> 
>  aa = loadpdb 1a74-stripped.pdb
Loading PDB file: ./1a74-stripped.pdb
Matching PDB residue names to LEaP variables.
Mapped residue DT, term: Terminal/beginning, seq. number: 0 to: DT5.
Mapped residue DA, term: Terminal/last, seq. number: 20 to: DA3.
Mapped residue DT, term: Terminal/beginning, seq. number: 21 to: DT5.
Mapped residue DA, term: Terminal/last, seq. number: 41 to: DA3.
Mapped residue ALA, term: Terminal/beginning, seq. number: 42 to: NALA.
Mapped residue VAL, term: Terminal/last, seq. number: 203 to: CVAL.
Mapped residue ALA, term: Terminal/beginning, seq. number: 204 to: NALA.
Mapped residue VAL, term: Terminal/last, seq. number: 365 to: CVAL.
  total atoms in file: 3344
  Leap added 2880 missing atoms according to residue templates:
       2880 H / lone pairs
>  saveamberparm aa 1a74.top 1a74.crd
Checking Unit.

/home/alberto.perezant/Source/amber/bin/teLeap: Warning!
The unperturbed charge of the unit (-36.000000) is not zero.

/home/alberto.perezant/Source/amber/bin/teLeap: Note.
Ignoring the warning from Unit Checking.

Building topology.
Building atom parameters.
Building bond parameters.
Building angle parameters.
Building proper torsion parameters.
Building improper torsion parameters.
 ** Warning: No sp2 improper torsion term for  N*-CB-CB-NC
        atoms are: N9 C5 C4 N3
 ** Warning: No sp2 improper torsion term for  NB-C-CB-CB
        atoms are: N7 C6 C5 C4
 ** Warning: No sp2 improper torsion term for  N*-CB-CB-NC
        atoms are: N9 C5 C4 N3
 ** Warning: No sp2 improper torsion term for  NB-CA-CB-CB
        atoms are: N7 C6 C5 C4
 ** Warning: No sp2 improper torsion term for  N*-CB-CB-NC
        atoms are: N9 C5 C4 N3
 ** Warning: No sp2 improper torsion term for  NB-CA-CB-CB
        atoms are: N7 C6 C5 C4
 ** Warning: No sp2 improper torsion term for  N*-CB-CB-NC
        atoms are: N9 C5 C4 N3
 ** Warning: No sp2 improper torsion term for  NB-CA-CB-CB
        atoms are: N7 C6 C5 C4
 ** Warning: No sp2 improper torsion term for  N*-CB-CB-NC
        atoms are: N9 C5 C4 N3
 ** Warning: No sp2 improper torsion term for  NB-C-CB-CB
        atoms are: N7 C6 C5 C4
 ** Warning: No sp2 improper torsion term for  N*-CB-CB-NC
        atoms are: N9 C5 C4 N3
 ** Warning: No sp2 improper torsion term for  NB-CA-CB-CB
        atoms are: N7 C6 C5 C4
 ** Warning: No sp2 improper torsion term for  N*-CB-CB-NC
        atoms are: N9 C5 C4 N3
 ** Warning: No sp2 improper torsion term for  NB-C-CB-CB
        atoms are: N7 C6 C5 C4
 ** Warning: No sp2 improper torsion term for  N*-CB-CB-NC
        atoms are: N9 C5 C4 N3
 ** Warning: No sp2 improper torsion term for  NB-CA-CB-CB
        atoms are: N7 C6 C5 C4
 ** Warning: No sp2 improper torsion term for  N*-CB-CB-NC
        atoms are: N9 C5 C4 N3
 ** Warning: No sp2 improper torsion term for  NB-C-CB-CB
        atoms are: N7 C6 C5 C4
 ** Warning: No sp2 improper torsion term for  N*-CB-CB-NC
        atoms are: N9 C5 C4 N3
 ** Warning: No sp2 improper torsion term for  NB-CA-CB-CB
        atoms are: N7 C6 C5 C4
 ** Warning: No sp2 improper torsion term for  N*-CB-CB-NC
        atoms are: N9 C5 C4 N3
 ** Warning: No sp2 improper torsion term for  NB-C-CB-CB
        atoms are: N7 C6 C5 C4
 ** Warning: No sp2 improper torsion term for  N*-CB-CB-NC
        atoms are: N9 C5 C4 N3
 ** Warning: No sp2 improper torsion term for  NB-CA-CB-CB
        atoms are: N7 C6 C5 C4
 ** Warning: No sp2 improper torsion term for  N*-CB-CB-NC
        atoms are: N9 C5 C4 N3
 ** Warning: No sp2 improper torsion term for  NB-CA-CB-CB
        atoms are: N7 C6 C5 C4
 ** Warning: No sp2 improper torsion term for  N*-CB-CB-NC
        atoms are: N9 C5 C4 N3
 ** Warning: No sp2 improper torsion term for  NB-CA-CB-CB
        atoms are: N7 C6 C5 C4
 ** Warning: No sp2 improper torsion term for  N*-CB-CB-NC
        atoms are: N9 C5 C4 N3
 ** Warning: No sp2 improper torsion term for  NB-C-CB-CB
        atoms are: N7 C6 C5 C4
 ** Warning: No sp2 improper torsion term for  N*-CB-CB-NC
        atoms are: N9 C5 C4 N3
 ** Warning: No sp2 improper torsion term for  NB-CA-CB-CB
        atoms are: N7 C6 C5 C4
 ** Warning: No sp2 improper torsion term for  N*-CB-CB-NC
        atoms are: N9 C5 C4 N3
 ** Warning: No sp2 improper torsion term for  NB-C-CB-CB
        atoms are: N7 C6 C5 C4
 ** Warning: No sp2 improper torsion term for  N*-CB-CB-NC
        atoms are: N9 C5 C4 N3
 ** Warning: No sp2 improper torsion term for  NB-CA-CB-CB
        atoms are: N7 C6 C5 C4
 ** Warning: No sp2 improper torsion term for  N*-CB-CB-NC
        atoms are: N9 C5 C4 N3
 ** Warning: No sp2 improper torsion term for  NB-C-CB-CB
        atoms are: N7 C6 C5 C4
 ** Warning: No sp2 improper torsion term for  N*-CB-CB-NC
        atoms are: N9 C5 C4 N3
 ** Warning: No sp2 improper torsion term for  NB-CA-CB-CB
        atoms are: N7 C6 C5 C4
 ** Warning: No sp2 improper torsion term for  C*-CN-CB-CA
        atoms are: CG CE2 CD2 CE3
 ** Warning: No sp2 improper torsion term for  NA-CA-CN-CB
        atoms are: NE1 CZ2 CE2 CD2
 ** Warning: No sp2 improper torsion term for  C*-CN-CB-CA
        atoms are: CG CE2 CD2 CE3
 ** Warning: No sp2 improper torsion term for  NA-CA-CN-CB
        atoms are: NE1 CZ2 CE2 CD2
 ** Warning: No sp2 improper torsion term for  C*-CN-CB-CA
        atoms are: CG CE2 CD2 CE3
 ** Warning: No sp2 improper torsion term for  NA-CA-CN-CB
        atoms are: NE1 CZ2 CE2 CD2
 ** Warning: No sp2 improper torsion term for  C*-CN-CB-CA
        atoms are: CG CE2 CD2 CE3
 ** Warning: No sp2 improper torsion term for  NA-CA-CN-CB
        atoms are: NE1 CZ2 CE2 CD2
 ** Warning: No sp2 improper torsion term for  C*-CN-CB-CA
        atoms are: CG CE2 CD2 CE3
 ** Warning: No sp2 improper torsion term for  NA-CA-CN-CB
        atoms are: NE1 CZ2 CE2 CD2
 ** Warning: No sp2 improper torsion term for  C*-CN-CB-CA
        atoms are: CG CE2 CD2 CE3
 ** Warning: No sp2 improper torsion term for  NA-CA-CN-CB
        atoms are: NE1 CZ2 CE2 CD2
 ** Warning: No sp2 improper torsion term for  C*-CN-CB-CA
        atoms are: CG CE2 CD2 CE3
 ** Warning: No sp2 improper torsion term for  NA-CA-CN-CB
        atoms are: NE1 CZ2 CE2 CD2
 ** Warning: No sp2 improper torsion term for  C*-CN-CB-CA
        atoms are: CG CE2 CD2 CE3
 ** Warning: No sp2 improper torsion term for  NA-CA-CN-CB
        atoms are: NE1 CZ2 CE2 CD2
 ** Warning: No sp2 improper torsion term for  C*-CN-CB-CA
        atoms are: CG CE2 CD2 CE3
 ** Warning: No sp2 improper torsion term for  NA-CA-CN-CB
        atoms are: NE1 CZ2 CE2 CD2
 ** Warning: No sp2 improper torsion term for  C*-CN-CB-CA
        atoms are: CG CE2 CD2 CE3
 ** Warning: No sp2 improper torsion term for  NA-CA-CN-CB
        atoms are: NE1 CZ2 CE2 CD2
 total 1286 improper torsions applied
Building H-Bond parameters.
Incorporating Non-Bonded adjustments.
Not Marking per-residue atom chain types.
Marking per-residue atom chain types.
  (Residues lacking connect0/connect1 - 
   these don't have chain types marked:

	res	total affected

	CVAL	2
	NALA	2
  )
 (no restraints)
>  quit
	Quit

Exiting LEaP: Errors = 0; Warnings = 1; Notes = 1.
